<?xml version="1.0" encoding="UTF-8"?>
<!-- Generated by org.testng.reporters.JUnitXMLReporter -->
<testsuite ignored="1" hostname="DESKTOP-TPSQLBC" failures="0" tests="2" name="Default test" time="2.94" errors="0" timestamp="2023-12-11T23:44:18 EET">
  <testcase classname="aya.second" name="LoginTest" time="0.516"/>
  <testcase classname="aya.second" name="PrintTheNamesOfAllItems" time="0.148"/>
  <testcase classname="aya.second" name="PrintTheNameOFTheFirstITems" time="0.0">
    <ignored/>
  </testcase> <!-- PrintTheNameOFTheFirstITems -->
</testsuite> <!-- Default test -->
