<?xml version="1.0" encoding="UTF-8"?>
<testng-results ignored="1" total="3" passed="2" failed="0" skipped="0">
  <reporter-output>
  </reporter-output>
  <suite started-at="2023-12-11T23:44:15 EET" name="Default suite" finished-at="2023-12-11T23:44:18 EET" duration-ms="2940">
    <groups>
    </groups>
    <test started-at="2023-12-11T23:44:15 EET" name="Default test" finished-at="2023-12-11T23:44:18 EET" duration-ms="2940">
      <class name="aya.second">
        <test-method is-config="true" signature="mySetup()[pri:0, instance:aya.second@2187fff7]" started-at="2023-12-11T23:44:15 EET" name="mySetup" finished-at="2023-12-11T23:44:17 EET" duration-ms="2217" status="PASS">
          <reporter-output>
          </reporter-output>
        </test-method> <!-- mySetup -->
        <test-method signature="LoginTest()[pri:0, instance:aya.second@2187fff7]" started-at="2023-12-11T23:44:17 EET" name="LoginTest" finished-at="2023-12-11T23:44:18 EET" duration-ms="516" status="PASS">
          <reporter-output>
          </reporter-output>
        </test-method> <!-- LoginTest -->
        <test-method signature="PrintTheNamesOfAllItems()[pri:0, instance:aya.second@2187fff7]" started-at="2023-12-11T23:44:18 EET" name="PrintTheNamesOfAllItems" finished-at="2023-12-11T23:44:18 EET" duration-ms="148" status="PASS">
          <reporter-output>
          </reporter-output>
        </test-method> <!-- PrintTheNamesOfAllItems -->
        <test-method is-config="true" signature="AftermyTest()[pri:0, instance:aya.second@2187fff7]" started-at="2023-12-11T23:44:18 EET" name="AftermyTest" finished-at="2023-12-11T23:44:18 EET" duration-ms="0" status="PASS">
          <reporter-output>
          </reporter-output>
        </test-method> <!-- AftermyTest -->
      </class> <!-- aya.second -->
    </test> <!-- Default test -->
  </suite> <!-- Default suite -->
</testng-results>
